2022-01-10 14:36:13,736 INFO o.a.j.u.JMeterUtils: Setting Locale to en_IN
2022-01-10 14:36:13,756 INFO o.a.j.JMeter: Loading user properties from: user.properties
2022-01-10 14:36:13,757 INFO o.a.j.JMeter: Loading system properties from: system.properties
2022-01-10 14:36:13,763 INFO o.a.j.JMeter: Copyright (c) 1998-2021 The Apache Software Foundation
2022-01-10 14:36:13,764 INFO o.a.j.JMeter: Version 5.4.3
2022-01-10 14:36:13,764 INFO o.a.j.JMeter: java.version=11.0.12
2022-01-10 14:36:13,764 INFO o.a.j.JMeter: java.vm.name=Java HotSpot(TM) 64-Bit Server VM
2022-01-10 14:36:13,764 INFO o.a.j.JMeter: os.name=Windows 10
2022-01-10 14:36:13,764 INFO o.a.j.JMeter: os.arch=amd64
2022-01-10 14:36:13,764 INFO o.a.j.JMeter: os.version=10.0
2022-01-10 14:36:13,764 INFO o.a.j.JMeter: file.encoding=Cp1252
2022-01-10 14:36:13,764 INFO o.a.j.JMeter: java.awt.headless=null
2022-01-10 14:36:13,764 INFO o.a.j.JMeter: Max memory     =4139778048
2022-01-10 14:36:13,764 INFO o.a.j.JMeter: Available Processors =12
2022-01-10 14:36:13,772 INFO o.a.j.JMeter: Default Locale=English (India)
2022-01-10 14:36:13,772 INFO o.a.j.JMeter: JMeter  Locale=English (India)
2022-01-10 14:36:13,772 INFO o.a.j.JMeter: JMeterHome=C:\Users\Joshua Joseph\Desktop\crazy\WORK\work-test\apache-jmeter-5.4.3\apache-jmeter-5.4.3
2022-01-10 14:36:13,772 INFO o.a.j.JMeter: user.dir  =C:\Users\Joshua Joseph\Desktop\crazy\WORK\work-test\apache-jmeter-5.4.3\apache-jmeter-5.4.3\bin
2022-01-10 14:36:13,773 INFO o.a.j.JMeter: PWD       =C:\Users\Joshua Joseph\Desktop\crazy\WORK\work-test\apache-jmeter-5.4.3\apache-jmeter-5.4.3\bin
2022-01-10 14:36:18,331 INFO o.a.j.JMeter: IP: 192.168.56.1 Name: LAPTOP-FL4JGHR2 FullName: LAPTOP-FL4JGHR2
2022-01-10 14:36:18,487 INFO o.a.j.JMeter: Setting LAF to: com.github.weisj.darklaf.DarkLaf:com.github.weisj.darklaf.theme.DarculaTheme
2022-01-10 14:36:18,979 INFO o.a.j.JMeter: Loaded icon properties from org/apache/jmeter/images/icon.properties
2022-01-10 14:36:46,294 INFO o.a.j.p.h.s.HTTPSamplerBase: Parser for text/html is org.apache.jmeter.protocol.http.parser.LagartoBasedHtmlParser
2022-01-10 14:36:46,294 INFO o.a.j.p.h.s.HTTPSamplerBase: Parser for application/xhtml+xml is org.apache.jmeter.protocol.http.parser.LagartoBasedHtmlParser
2022-01-10 14:36:46,295 INFO o.a.j.p.h.s.HTTPSamplerBase: Parser for application/xml is org.apache.jmeter.protocol.http.parser.LagartoBasedHtmlParser
2022-01-10 14:36:46,295 INFO o.a.j.p.h.s.HTTPSamplerBase: Parser for text/xml is org.apache.jmeter.protocol.http.parser.LagartoBasedHtmlParser
2022-01-10 14:36:46,295 INFO o.a.j.p.h.s.HTTPSamplerBase: Parser for text/vnd.wap.wml is org.apache.jmeter.protocol.http.parser.RegexpHTMLParser
2022-01-10 14:36:46,295 INFO o.a.j.p.h.s.HTTPSamplerBase: Parser for text/css is org.apache.jmeter.protocol.http.parser.CssParser
2022-01-10 14:36:55,464 INFO o.a.j.s.SampleResult: Note: Sample TimeStamps are START times
2022-01-10 14:36:55,464 INFO o.a.j.s.SampleResult: sampleresult.default.encoding is set to ISO-8859-1
2022-01-10 14:36:55,464 INFO o.a.j.s.SampleResult: sampleresult.useNanoTime=true
2022-01-10 14:36:55,464 INFO o.a.j.s.SampleResult: sampleresult.nanoThreadSleep=5000
2022-01-10 14:36:55,627 INFO o.a.j.v.ViewResultsFullVisualizer: Add JavaFX to your Java installation if you want to use renderer: org.apache.jmeter.visualizers.RenderInBrowser
2022-01-10 14:37:05,464 INFO o.a.j.s.FileServer: Default base='C:\Users\Joshua Joseph\Desktop\crazy\WORK\work-test\apache-jmeter-5.4.3\apache-jmeter-5.4.3\bin'
2022-01-10 14:37:05,465 INFO o.a.j.s.FileServer: Set new base='C:\Users\Joshua Joseph\Desktop\crazy\WORK\work-test\apache-jmeter-5.4.3'
2022-01-10 14:37:05,661 INFO o.a.j.s.SaveService: Testplan (JMX) version: 2.2. Testlog (JTL) version: 2.2
2022-01-10 14:37:05,840 INFO o.a.j.s.SaveService: Using SaveService properties version 5.0
2022-01-10 14:37:05,841 INFO o.a.j.s.SaveService: Using SaveService properties file encoding UTF-8
2022-01-10 14:37:05,870 INFO o.a.j.e.StandardJMeterEngine: Running the test!
2022-01-10 14:37:05,871 INFO o.a.j.s.SampleEvent: List of sample_variables: []
2022-01-10 14:37:05,871 INFO o.a.j.s.SampleEvent: List of sample_variables: []
2022-01-10 14:37:05,872 INFO o.a.j.e.u.CompoundVariable: Note: Function class names must contain the string: '.functions.'
2022-01-10 14:37:05,872 INFO o.a.j.e.u.CompoundVariable: Note: Function class names must not contain the string: '.gui.'
2022-01-10 14:37:06,138 INFO o.a.j.g.u.JMeterMenuBar: setRunning(true, *local*)
2022-01-10 14:37:06,148 INFO o.a.j.e.StandardJMeterEngine: Starting ThreadGroup: 1 : Thread Group
2022-01-10 14:37:06,148 INFO o.a.j.e.StandardJMeterEngine: Starting 3 threads for group Thread Group.
2022-01-10 14:37:06,148 INFO o.a.j.e.StandardJMeterEngine: Thread will continue on error
2022-01-10 14:37:06,148 INFO o.a.j.t.ThreadGroup: Starting thread group... number=1 threads=3 ramp-up=1 delayedStart=false
2022-01-10 14:37:06,152 INFO o.a.j.t.ThreadGroup: Started thread group number 1
2022-01-10 14:37:06,152 INFO o.a.j.t.JMeterThread: Thread started: Thread Group 1-1
2022-01-10 14:37:06,153 INFO o.a.j.e.StandardJMeterEngine: All thread groups have been started
2022-01-10 14:37:06,174 INFO o.a.j.p.h.s.HTTPHCAbstractImpl: Local host = LAPTOP-FL4JGHR2
2022-01-10 14:37:06,185 INFO o.a.j.p.h.s.HTTPHC4Impl: HTTP request retry count = 0
2022-01-10 14:37:06,488 INFO o.a.j.t.JMeterThread: Thread started: Thread Group 1-2
2022-01-10 14:37:06,776 INFO o.a.j.t.JMeterThread: Thread is done: Thread Group 1-1
2022-01-10 14:37:06,776 INFO o.a.j.t.JMeterThread: Thread finished: Thread Group 1-1
2022-01-10 14:37:06,818 INFO o.a.j.t.JMeterThread: Thread started: Thread Group 1-3
2022-01-10 14:37:06,971 INFO o.a.j.t.JMeterThread: Thread is done: Thread Group 1-2
2022-01-10 14:37:06,971 INFO o.a.j.t.JMeterThread: Thread finished: Thread Group 1-2
2022-01-10 14:37:07,305 INFO o.a.j.t.JMeterThread: Thread is done: Thread Group 1-3
2022-01-10 14:37:07,305 INFO o.a.j.t.JMeterThread: Thread finished: Thread Group 1-3
2022-01-10 14:37:07,305 INFO o.a.j.e.StandardJMeterEngine: Notifying test listeners of end of test
2022-01-10 14:37:07,306 INFO o.a.j.g.u.JMeterMenuBar: setRunning(false, *local*)
2022-01-10 14:37:39,884 INFO o.a.j.v.ViewResultsFullVisualizer: Add JavaFX to your Java installation if you want to use renderer: org.apache.jmeter.visualizers.RenderInBrowser
2022-01-10 14:37:58,346 INFO o.a.j.e.StandardJMeterEngine: Running the test!
2022-01-10 14:37:58,347 INFO o.a.j.s.SampleEvent: List of sample_variables: []
2022-01-10 14:37:58,349 INFO o.a.j.g.u.JMeterMenuBar: setRunning(true, *local*)
2022-01-10 14:37:58,386 INFO o.a.j.e.StandardJMeterEngine: Starting ThreadGroup: 1 : Thread Group
2022-01-10 14:37:58,387 INFO o.a.j.e.StandardJMeterEngine: Starting 3 threads for group Thread Group.
2022-01-10 14:37:58,387 INFO o.a.j.e.StandardJMeterEngine: Thread will continue on error
2022-01-10 14:37:58,387 INFO o.a.j.t.ThreadGroup: Starting thread group... number=1 threads=3 ramp-up=1 delayedStart=false
2022-01-10 14:37:58,389 INFO o.a.j.t.ThreadGroup: Started thread group number 1
2022-01-10 14:37:58,389 INFO o.a.j.t.JMeterThread: Thread started: Thread Group 1-1
2022-01-10 14:37:58,389 INFO o.a.j.e.StandardJMeterEngine: Starting ThreadGroup: 2 : Thread Group2 
2022-01-10 14:37:58,389 INFO o.a.j.e.StandardJMeterEngine: Starting 5 threads for group Thread Group2 .
2022-01-10 14:37:58,389 INFO o.a.j.e.StandardJMeterEngine: Thread will continue on error
2022-01-10 14:37:58,390 INFO o.a.j.t.ThreadGroup: Starting thread group... number=2 threads=5 ramp-up=2 delayedStart=false
2022-01-10 14:37:58,391 INFO o.a.j.t.JMeterThread: Thread started: Thread Group2  2-1
2022-01-10 14:37:58,394 INFO o.a.j.t.ThreadGroup: Started thread group number 2
2022-01-10 14:37:58,395 INFO o.a.j.e.StandardJMeterEngine: All thread groups have been started
2022-01-10 14:37:58,721 INFO o.a.j.t.JMeterThread: Thread started: Thread Group 1-2
2022-01-10 14:37:58,792 INFO o.a.j.t.JMeterThread: Thread started: Thread Group2  2-2
2022-01-10 14:37:58,923 INFO o.a.j.t.JMeterThread: Thread is done: Thread Group 1-1
2022-01-10 14:37:58,924 INFO o.a.j.t.JMeterThread: Thread finished: Thread Group 1-1
2022-01-10 14:37:59,054 INFO o.a.j.t.JMeterThread: Thread started: Thread Group 1-3
2022-01-10 14:37:59,116 INFO o.a.j.p.h.s.h.LazyLayeredConnectionSocketFactory: Setting up HTTPS TrustAll Socket Factory
2022-01-10 14:37:59,120 INFO o.a.j.u.JsseSSLManager: Using default SSL protocol: TLS
2022-01-10 14:37:59,120 INFO o.a.j.u.JsseSSLManager: SSL session context: per-thread
2022-01-10 14:37:59,192 INFO o.a.j.t.JMeterThread: Thread started: Thread Group2  2-3
2022-01-10 14:37:59,250 INFO o.a.j.t.JMeterThread: Thread is done: Thread Group 1-2
2022-01-10 14:37:59,250 INFO o.a.j.t.JMeterThread: Thread finished: Thread Group 1-2
2022-01-10 14:37:59,259 INFO o.a.j.u.SSLManager: JmeterKeyStore Location:  type JKS
2022-01-10 14:37:59,264 INFO o.a.j.u.SSLManager: KeyStore created OK
2022-01-10 14:37:59,265 WARN o.a.j.u.SSLManager: Keystore file not found, loading empty keystore
2022-01-10 14:37:59,592 INFO o.a.j.t.JMeterThread: Thread started: Thread Group2  2-4
2022-01-10 14:37:59,665 INFO o.a.j.t.JMeterThread: Thread is done: Thread Group 1-3
2022-01-10 14:37:59,665 INFO o.a.j.t.JMeterThread: Thread finished: Thread Group 1-3
2022-01-10 14:37:59,991 INFO o.a.j.t.JMeterThread: Thread started: Thread Group2  2-5
2022-01-10 14:38:00,595 INFO o.a.j.t.JMeterThread: Thread is done: Thread Group2  2-2
2022-01-10 14:38:00,595 INFO o.a.j.t.JMeterThread: Thread finished: Thread Group2  2-2
2022-01-10 14:38:00,598 INFO o.a.j.t.JMeterThread: Thread is done: Thread Group2  2-1
2022-01-10 14:38:00,599 INFO o.a.j.t.JMeterThread: Thread finished: Thread Group2  2-1
2022-01-10 14:38:00,600 INFO o.a.j.t.JMeterThread: Thread is done: Thread Group2  2-3
2022-01-10 14:38:00,600 INFO o.a.j.t.JMeterThread: Thread finished: Thread Group2  2-3
2022-01-10 14:38:00,698 INFO o.a.j.t.JMeterThread: Thread is done: Thread Group2  2-4
2022-01-10 14:38:00,698 INFO o.a.j.t.JMeterThread: Thread finished: Thread Group2  2-4
2022-01-10 14:38:00,935 INFO o.a.j.t.JMeterThread: Thread is done: Thread Group2  2-5
2022-01-10 14:38:00,935 INFO o.a.j.t.JMeterThread: Thread finished: Thread Group2  2-5
2022-01-10 14:38:00,936 INFO o.a.j.e.StandardJMeterEngine: Notifying test listeners of end of test
2022-01-10 14:38:00,936 INFO o.a.j.g.u.JMeterMenuBar: setRunning(false, *local*)
2022-01-10 14:39:22,625 INFO o.a.j.e.StandardJMeterEngine: Running the test!
2022-01-10 14:39:22,625 INFO o.a.j.s.SampleEvent: List of sample_variables: []
2022-01-10 14:39:22,626 INFO o.a.j.g.u.JMeterMenuBar: setRunning(true, *local*)
2022-01-10 14:39:22,664 INFO o.a.j.e.StandardJMeterEngine: Starting ThreadGroup: 1 : Thread Group
2022-01-10 14:39:22,664 INFO o.a.j.e.StandardJMeterEngine: Starting 3 threads for group Thread Group.
2022-01-10 14:39:22,665 INFO o.a.j.e.StandardJMeterEngine: Thread will continue on error
2022-01-10 14:39:22,665 INFO o.a.j.t.ThreadGroup: Starting thread group... number=1 threads=3 ramp-up=1 delayedStart=false
2022-01-10 14:39:22,666 INFO o.a.j.t.ThreadGroup: Started thread group number 1
2022-01-10 14:39:22,666 INFO o.a.j.e.StandardJMeterEngine: Starting ThreadGroup: 2 : Thread Group2 
2022-01-10 14:39:22,666 INFO o.a.j.t.JMeterThread: Thread started: Thread Group 1-1
2022-01-10 14:39:22,666 INFO o.a.j.e.StandardJMeterEngine: Starting 5 threads for group Thread Group2 .
2022-01-10 14:39:22,666 INFO o.a.j.e.StandardJMeterEngine: Thread will continue on error
2022-01-10 14:39:22,666 INFO o.a.j.t.ThreadGroup: Starting thread group... number=2 threads=5 ramp-up=2 delayedStart=false
2022-01-10 14:39:22,667 INFO o.a.j.t.JMeterThread: Thread started: Thread Group2  2-1
2022-01-10 14:39:22,668 INFO o.a.j.t.ThreadGroup: Started thread group number 2
2022-01-10 14:39:22,668 INFO o.a.j.e.StandardJMeterEngine: Starting ThreadGroup: 3 : Thread Group3
2022-01-10 14:39:22,668 INFO o.a.j.e.StandardJMeterEngine: Starting 10 threads for group Thread Group3.
2022-01-10 14:39:22,668 INFO o.a.j.e.StandardJMeterEngine: Thread will continue on error
2022-01-10 14:39:22,668 INFO o.a.j.t.ThreadGroup: Starting thread group... number=3 threads=10 ramp-up=1 delayedStart=false
2022-01-10 14:39:22,669 INFO o.a.j.t.JMeterThread: Thread started: Thread Group3 3-1
2022-01-10 14:39:22,671 INFO o.a.j.t.ThreadGroup: Started thread group number 3
2022-01-10 14:39:22,671 INFO o.a.j.e.StandardJMeterEngine: All thread groups have been started
2022-01-10 14:39:22,768 INFO o.a.j.t.JMeterThread: Thread started: Thread Group3 3-2
2022-01-10 14:39:22,868 INFO o.a.j.t.JMeterThread: Thread started: Thread Group3 3-3
2022-01-10 14:39:22,969 INFO o.a.j.t.JMeterThread: Thread started: Thread Group3 3-4
2022-01-10 14:39:22,999 INFO o.a.j.t.JMeterThread: Thread started: Thread Group 1-2
2022-01-10 14:39:23,066 INFO o.a.j.t.JMeterThread: Thread started: Thread Group2  2-2
2022-01-10 14:39:23,069 INFO o.a.j.t.JMeterThread: Thread started: Thread Group3 3-5
2022-01-10 14:39:23,169 INFO o.a.j.t.JMeterThread: Thread started: Thread Group3 3-6
2022-01-10 14:39:23,224 INFO o.a.j.t.JMeterThread: Thread is done: Thread Group 1-1
2022-01-10 14:39:23,224 INFO o.a.j.t.JMeterThread: Thread finished: Thread Group 1-1
2022-01-10 14:39:23,269 INFO o.a.j.t.JMeterThread: Thread started: Thread Group3 3-7
2022-01-10 14:39:23,332 INFO o.a.j.t.JMeterThread: Thread started: Thread Group 1-3
2022-01-10 14:39:23,369 INFO o.a.j.t.JMeterThread: Thread started: Thread Group3 3-8
2022-01-10 14:39:23,467 INFO o.a.j.t.JMeterThread: Thread started: Thread Group2  2-3
2022-01-10 14:39:23,468 INFO o.a.j.t.JMeterThread: Thread started: Thread Group3 3-9
2022-01-10 14:39:23,536 INFO o.a.j.t.JMeterThread: Thread is done: Thread Group 1-2
2022-01-10 14:39:23,536 INFO o.a.j.t.JMeterThread: Thread finished: Thread Group 1-2
2022-01-10 14:39:23,569 INFO o.a.j.t.JMeterThread: Thread started: Thread Group3 3-10
2022-01-10 14:39:23,640 INFO o.a.j.t.JMeterThread: Thread is done: Thread Group2  2-1
2022-01-10 14:39:23,640 INFO o.a.j.t.JMeterThread: Thread finished: Thread Group2  2-1
2022-01-10 14:39:23,803 INFO o.a.j.t.JMeterThread: Thread is done: Thread Group 1-3
2022-01-10 14:39:23,803 INFO o.a.j.t.JMeterThread: Thread finished: Thread Group 1-3
2022-01-10 14:39:23,868 INFO o.a.j.t.JMeterThread: Thread started: Thread Group2  2-4
2022-01-10 14:39:23,940 INFO o.a.j.t.JMeterThread: Thread is done: Thread Group2  2-2
2022-01-10 14:39:23,940 INFO o.a.j.t.JMeterThread: Thread finished: Thread Group2  2-2
2022-01-10 14:39:24,116 INFO o.a.j.t.JMeterThread: Thread is done: Thread Group3 3-1
2022-01-10 14:39:24,116 INFO o.a.j.t.JMeterThread: Thread finished: Thread Group3 3-1
2022-01-10 14:39:24,238 INFO o.a.j.t.JMeterThread: Thread is done: Thread Group3 3-2
2022-01-10 14:39:24,238 INFO o.a.j.t.JMeterThread: Thread finished: Thread Group3 3-2
2022-01-10 14:39:24,268 INFO o.a.j.t.JMeterThread: Thread started: Thread Group2  2-5
2022-01-10 14:39:24,322 INFO o.a.j.t.JMeterThread: Thread is done: Thread Group3 3-3
2022-01-10 14:39:24,323 INFO o.a.j.t.JMeterThread: Thread finished: Thread Group3 3-3
2022-01-10 14:39:24,403 INFO o.a.j.t.JMeterThread: Thread is done: Thread Group2  2-3
2022-01-10 14:39:24,403 INFO o.a.j.t.JMeterThread: Thread finished: Thread Group2  2-3
2022-01-10 14:39:24,406 INFO o.a.j.t.JMeterThread: Thread is done: Thread Group3 3-5
2022-01-10 14:39:24,406 INFO o.a.j.t.JMeterThread: Thread finished: Thread Group3 3-5
2022-01-10 14:39:24,508 INFO o.a.j.t.JMeterThread: Thread is done: Thread Group3 3-4
2022-01-10 14:39:24,508 INFO o.a.j.t.JMeterThread: Thread finished: Thread Group3 3-4
2022-01-10 14:39:24,561 INFO o.a.j.t.JMeterThread: Thread is done: Thread Group3 3-6
2022-01-10 14:39:24,561 INFO o.a.j.t.JMeterThread: Thread finished: Thread Group3 3-6
2022-01-10 14:39:24,737 INFO o.a.j.t.JMeterThread: Thread is done: Thread Group2  2-4
2022-01-10 14:39:24,737 INFO o.a.j.t.JMeterThread: Thread finished: Thread Group2  2-4
2022-01-10 14:39:25,017 INFO o.a.j.t.JMeterThread: Thread is done: Thread Group3 3-10
2022-01-10 14:39:25,017 INFO o.a.j.t.JMeterThread: Thread finished: Thread Group3 3-10
2022-01-10 14:39:25,065 INFO o.a.j.t.JMeterThread: Thread is done: Thread Group3 3-7
2022-01-10 14:39:25,065 INFO o.a.j.t.JMeterThread: Thread finished: Thread Group3 3-7
2022-01-10 14:39:25,088 INFO o.a.j.t.JMeterThread: Thread is done: Thread Group3 3-8
2022-01-10 14:39:25,088 INFO o.a.j.t.JMeterThread: Thread finished: Thread Group3 3-8
2022-01-10 14:39:25,179 INFO o.a.j.t.JMeterThread: Thread is done: Thread Group2  2-5
2022-01-10 14:39:25,179 INFO o.a.j.t.JMeterThread: Thread finished: Thread Group2  2-5
2022-01-10 14:39:25,479 INFO o.a.j.t.JMeterThread: Thread is done: Thread Group3 3-9
2022-01-10 14:39:25,479 INFO o.a.j.t.JMeterThread: Thread finished: Thread Group3 3-9
2022-01-10 14:39:25,479 INFO o.a.j.e.StandardJMeterEngine: Notifying test listeners of end of test
2022-01-10 14:39:25,480 INFO o.a.j.g.u.JMeterMenuBar: setRunning(false, *local*)
2022-01-10 14:41:02,961 INFO o.a.j.e.StandardJMeterEngine: Running the test!
2022-01-10 14:41:02,961 INFO o.a.j.s.SampleEvent: List of sample_variables: []
2022-01-10 14:41:02,962 INFO o.a.j.g.u.JMeterMenuBar: setRunning(true, *local*)
2022-01-10 14:41:02,995 INFO o.a.j.e.StandardJMeterEngine: Starting ThreadGroup: 1 : Thread Group
2022-01-10 14:41:02,995 INFO o.a.j.e.StandardJMeterEngine: Starting 3 threads for group Thread Group.
2022-01-10 14:41:02,995 INFO o.a.j.e.StandardJMeterEngine: Thread will continue on error
2022-01-10 14:41:02,995 INFO o.a.j.t.ThreadGroup: Starting thread group... number=1 threads=3 ramp-up=1 delayedStart=false
2022-01-10 14:41:02,996 INFO o.a.j.t.ThreadGroup: Started thread group number 1
2022-01-10 14:41:02,997 INFO o.a.j.e.StandardJMeterEngine: Starting ThreadGroup: 2 : Thread Group2 
2022-01-10 14:41:02,996 INFO o.a.j.t.JMeterThread: Thread started: Thread Group 1-1
2022-01-10 14:41:02,997 INFO o.a.j.e.StandardJMeterEngine: Starting 5 threads for group Thread Group2 .
2022-01-10 14:41:02,997 INFO o.a.j.e.StandardJMeterEngine: Thread will continue on error
2022-01-10 14:41:02,997 INFO o.a.j.t.ThreadGroup: Starting thread group... number=2 threads=5 ramp-up=2 delayedStart=false
2022-01-10 14:41:02,997 INFO o.a.j.t.JMeterThread: Thread started: Thread Group2  2-1
2022-01-10 14:41:02,998 INFO o.a.j.t.ThreadGroup: Started thread group number 2
2022-01-10 14:41:02,998 INFO o.a.j.e.StandardJMeterEngine: Starting ThreadGroup: 3 : Thread Group3
2022-01-10 14:41:02,998 INFO o.a.j.e.StandardJMeterEngine: Starting 10 threads for group Thread Group3.
2022-01-10 14:41:02,998 INFO o.a.j.e.StandardJMeterEngine: Thread will continue on error
2022-01-10 14:41:02,998 INFO o.a.j.t.ThreadGroup: Starting thread group... number=3 threads=10 ramp-up=1 delayedStart=false
2022-01-10 14:41:02,999 INFO o.a.j.t.JMeterThread: Thread started: Thread Group3 3-1
2022-01-10 14:41:03,001 INFO o.a.j.t.ThreadGroup: Started thread group number 3
2022-01-10 14:41:03,001 INFO o.a.j.e.StandardJMeterEngine: Starting ThreadGroup: 4 : Thread Group4
2022-01-10 14:41:03,001 INFO o.a.j.e.StandardJMeterEngine: Starting 4 threads for group Thread Group4.
2022-01-10 14:41:03,001 INFO o.a.j.e.StandardJMeterEngine: Thread will continue on error
2022-01-10 14:41:03,001 INFO o.a.j.t.ThreadGroup: Starting thread group... number=4 threads=4 ramp-up=1 delayedStart=false
2022-01-10 14:41:03,002 INFO o.a.j.t.ThreadGroup: Started thread group number 4
2022-01-10 14:41:03,002 INFO o.a.j.t.JMeterThread: Thread started: Thread Group4 4-1
2022-01-10 14:41:03,002 INFO o.a.j.e.StandardJMeterEngine: All thread groups have been started
2022-01-10 14:41:03,099 INFO o.a.j.t.JMeterThread: Thread started: Thread Group3 3-2
2022-01-10 14:41:03,200 INFO o.a.j.t.JMeterThread: Thread started: Thread Group3 3-3
2022-01-10 14:41:03,251 INFO o.a.j.t.JMeterThread: Thread started: Thread Group4 4-2
2022-01-10 14:41:03,300 INFO o.a.j.t.JMeterThread: Thread started: Thread Group3 3-4
2022-01-10 14:41:03,329 INFO o.a.j.t.JMeterThread: Thread started: Thread Group 1-2
2022-01-10 14:41:03,397 INFO o.a.j.t.JMeterThread: Thread started: Thread Group2  2-2
2022-01-10 14:41:03,399 INFO o.a.j.t.JMeterThread: Thread started: Thread Group3 3-5
2022-01-10 14:41:03,499 INFO o.a.j.t.JMeterThread: Thread started: Thread Group3 3-6
2022-01-10 14:41:03,501 INFO o.a.j.t.JMeterThread: Thread started: Thread Group4 4-3
2022-01-10 14:41:03,522 INFO o.a.j.t.JMeterThread: Thread is done: Thread Group 1-1
2022-01-10 14:41:03,522 INFO o.a.j.t.JMeterThread: Thread finished: Thread Group 1-1
2022-01-10 14:41:03,600 INFO o.a.j.t.JMeterThread: Thread started: Thread Group3 3-7
2022-01-10 14:41:03,663 INFO o.a.j.t.JMeterThread: Thread started: Thread Group 1-3
2022-01-10 14:41:03,686 INFO o.a.j.t.JMeterThread: Thread is done: Thread Group4 4-1
2022-01-10 14:41:03,686 INFO o.a.j.t.JMeterThread: Thread finished: Thread Group4 4-1
2022-01-10 14:41:03,700 INFO o.a.j.t.JMeterThread: Thread started: Thread Group3 3-8
2022-01-10 14:41:03,751 INFO o.a.j.t.JMeterThread: Thread started: Thread Group4 4-4
2022-01-10 14:41:03,797 INFO o.a.j.t.JMeterThread: Thread started: Thread Group2  2-3
2022-01-10 14:41:03,800 INFO o.a.j.t.JMeterThread: Thread started: Thread Group3 3-9
2022-01-10 14:41:03,861 INFO o.a.j.t.JMeterThread: Thread is done: Thread Group 1-2
2022-01-10 14:41:03,861 INFO o.a.j.t.JMeterThread: Thread finished: Thread Group 1-2
2022-01-10 14:41:03,899 INFO o.a.j.t.JMeterThread: Thread started: Thread Group3 3-10
2022-01-10 14:41:04,021 INFO o.a.j.t.JMeterThread: Thread is done: Thread Group2  2-1
2022-01-10 14:41:04,021 INFO o.a.j.t.JMeterThread: Thread finished: Thread Group2  2-1
2022-01-10 14:41:04,190 INFO o.a.j.t.JMeterThread: Thread is done: Thread Group 1-3
2022-01-10 14:41:04,190 INFO o.a.j.t.JMeterThread: Thread finished: Thread Group 1-3
2022-01-10 14:41:04,211 INFO o.a.j.t.JMeterThread: Thread started: Thread Group2  2-4
2022-01-10 14:41:04,259 INFO o.a.j.t.JMeterThread: Thread is done: Thread Group4 4-3
2022-01-10 14:41:04,259 INFO o.a.j.t.JMeterThread: Thread finished: Thread Group4 4-3
2022-01-10 14:41:04,323 INFO o.a.j.t.JMeterThread: Thread is done: Thread Group4 4-2
2022-01-10 14:41:04,324 INFO o.a.j.t.JMeterThread: Thread finished: Thread Group4 4-2
2022-01-10 14:41:04,584 INFO o.a.j.t.JMeterThread: Thread is done: Thread Group2  2-2
2022-01-10 14:41:04,584 INFO o.a.j.t.JMeterThread: Thread finished: Thread Group2  2-2
2022-01-10 14:41:04,609 INFO o.a.j.t.JMeterThread: Thread started: Thread Group2  2-5
2022-01-10 14:41:04,686 INFO o.a.j.t.JMeterThread: Thread is done: Thread Group4 4-4
2022-01-10 14:41:04,686 INFO o.a.j.t.JMeterThread: Thread finished: Thread Group4 4-4
2022-01-10 14:41:04,919 INFO o.a.j.t.JMeterThread: Thread is done: Thread Group2  2-3
2022-01-10 14:41:04,919 INFO o.a.j.t.JMeterThread: Thread finished: Thread Group2  2-3
2022-01-10 14:41:05,270 INFO o.a.j.t.JMeterThread: Thread is done: Thread Group2  2-4
2022-01-10 14:41:05,271 INFO o.a.j.t.JMeterThread: Thread finished: Thread Group2  2-4
2022-01-10 14:41:05,437 INFO o.a.j.t.JMeterThread: Thread is done: Thread Group2  2-5
2022-01-10 14:41:05,437 INFO o.a.j.t.JMeterThread: Thread finished: Thread Group2  2-5
2022-01-10 14:41:05,517 INFO o.a.j.t.JMeterThread: Thread is done: Thread Group3 3-1
2022-01-10 14:41:05,517 INFO o.a.j.t.JMeterThread: Thread finished: Thread Group3 3-1
2022-01-10 14:41:05,527 INFO o.a.j.t.JMeterThread: Thread is done: Thread Group3 3-4
2022-01-10 14:41:05,527 INFO o.a.j.t.JMeterThread: Thread finished: Thread Group3 3-4
2022-01-10 14:41:05,694 INFO o.a.j.t.JMeterThread: Thread is done: Thread Group3 3-5
2022-01-10 14:41:05,694 INFO o.a.j.t.JMeterThread: Thread finished: Thread Group3 3-5
2022-01-10 14:41:05,876 INFO o.a.j.t.JMeterThread: Thread is done: Thread Group3 3-3
2022-01-10 14:41:05,876 INFO o.a.j.t.JMeterThread: Thread finished: Thread Group3 3-3
2022-01-10 14:41:05,880 INFO o.a.j.t.JMeterThread: Thread is done: Thread Group3 3-2
2022-01-10 14:41:05,880 INFO o.a.j.t.JMeterThread: Thread finished: Thread Group3 3-2
2022-01-10 14:41:06,114 INFO o.a.j.t.JMeterThread: Thread is done: Thread Group3 3-10
2022-01-10 14:41:06,114 INFO o.a.j.t.JMeterThread: Thread finished: Thread Group3 3-10
2022-01-10 14:41:06,294 INFO o.a.j.t.JMeterThread: Thread is done: Thread Group3 3-6
2022-01-10 14:41:06,294 INFO o.a.j.t.JMeterThread: Thread finished: Thread Group3 3-6
2022-01-10 14:41:06,387 INFO o.a.j.t.JMeterThread: Thread is done: Thread Group3 3-7
2022-01-10 14:41:06,387 INFO o.a.j.t.JMeterThread: Thread finished: Thread Group3 3-7
2022-01-10 14:41:06,418 INFO o.a.j.t.JMeterThread: Thread is done: Thread Group3 3-8
2022-01-10 14:41:06,418 INFO o.a.j.t.JMeterThread: Thread finished: Thread Group3 3-8
2022-01-10 14:41:06,667 INFO o.a.j.t.JMeterThread: Thread is done: Thread Group3 3-9
2022-01-10 14:41:06,667 INFO o.a.j.t.JMeterThread: Thread finished: Thread Group3 3-9
2022-01-10 14:41:06,667 INFO o.a.j.e.StandardJMeterEngine: Notifying test listeners of end of test
2022-01-10 14:41:06,668 INFO o.a.j.g.u.JMeterMenuBar: setRunning(false, *local*)
2022-01-10 14:46:04,878 INFO o.a.j.e.StandardJMeterEngine: Running the test!
2022-01-10 14:46:04,878 INFO o.a.j.s.SampleEvent: List of sample_variables: []
2022-01-10 14:46:04,879 INFO o.a.j.g.u.JMeterMenuBar: setRunning(true, *local*)
2022-01-10 14:46:04,879 INFO o.a.j.e.StandardJMeterEngine: Starting ThreadGroup: 1 : Thread Group
2022-01-10 14:46:04,880 INFO o.a.j.e.StandardJMeterEngine: Starting 3 threads for group Thread Group.
2022-01-10 14:46:04,880 INFO o.a.j.e.StandardJMeterEngine: Thread will continue on error
2022-01-10 14:46:04,880 INFO o.a.j.t.ThreadGroup: Starting thread group... number=1 threads=3 ramp-up=1 delayedStart=false
2022-01-10 14:46:04,881 INFO o.a.j.t.JMeterThread: Thread started: Thread Group 1-1
2022-01-10 14:46:04,881 INFO o.a.j.t.ThreadGroup: Started thread group number 1
2022-01-10 14:46:04,881 INFO o.a.j.e.StandardJMeterEngine: Starting ThreadGroup: 2 : Thread Group2 
2022-01-10 14:46:04,882 INFO o.a.j.e.StandardJMeterEngine: Starting 5 threads for group Thread Group2 .
2022-01-10 14:46:04,882 INFO o.a.j.e.StandardJMeterEngine: Thread will continue on error
2022-01-10 14:46:04,882 INFO o.a.j.t.ThreadGroup: Starting thread group... number=2 threads=5 ramp-up=2 delayedStart=false
2022-01-10 14:46:04,883 INFO o.a.j.t.ThreadGroup: Started thread group number 2
2022-01-10 14:46:04,882 INFO o.a.j.t.JMeterThread: Thread started: Thread Group2  2-1
2022-01-10 14:46:04,883 INFO o.a.j.e.StandardJMeterEngine: Starting ThreadGroup: 3 : Thread Group3
2022-01-10 14:46:04,883 INFO o.a.j.e.StandardJMeterEngine: Starting 10 threads for group Thread Group3.
2022-01-10 14:46:04,883 INFO o.a.j.e.StandardJMeterEngine: Thread will continue on error
2022-01-10 14:46:04,883 INFO o.a.j.t.ThreadGroup: Starting thread group... number=3 threads=10 ramp-up=1 delayedStart=false
2022-01-10 14:46:04,883 INFO o.a.j.t.JMeterThread: Thread started: Thread Group3 3-1
2022-01-10 14:46:04,885 INFO o.a.j.t.ThreadGroup: Started thread group number 3
2022-01-10 14:46:04,885 INFO o.a.j.e.StandardJMeterEngine: Starting ThreadGroup: 4 : Thread Group4
2022-01-10 14:46:04,885 INFO o.a.j.e.StandardJMeterEngine: Starting 4 threads for group Thread Group4.
2022-01-10 14:46:04,885 INFO o.a.j.e.StandardJMeterEngine: Thread will continue on error
2022-01-10 14:46:04,885 INFO o.a.j.t.ThreadGroup: Starting thread group... number=4 threads=4 ramp-up=1 delayedStart=false
2022-01-10 14:46:04,886 INFO o.a.j.t.ThreadGroup: Started thread group number 4
2022-01-10 14:46:04,886 INFO o.a.j.t.JMeterThread: Thread started: Thread Group4 4-1
2022-01-10 14:46:04,886 INFO o.a.j.e.StandardJMeterEngine: All thread groups have been started
2022-01-10 14:46:04,983 INFO o.a.j.t.JMeterThread: Thread started: Thread Group3 3-2
2022-01-10 14:46:05,084 INFO o.a.j.t.JMeterThread: Thread started: Thread Group3 3-3
2022-01-10 14:46:05,136 INFO o.a.j.t.JMeterThread: Thread started: Thread Group4 4-2
2022-01-10 14:46:05,184 INFO o.a.j.t.JMeterThread: Thread started: Thread Group3 3-4
2022-01-10 14:46:05,214 INFO o.a.j.t.JMeterThread: Thread started: Thread Group 1-2
2022-01-10 14:46:05,282 INFO o.a.j.t.JMeterThread: Thread started: Thread Group2  2-2
2022-01-10 14:46:05,283 INFO o.a.j.t.JMeterThread: Thread started: Thread Group3 3-5
2022-01-10 14:46:05,383 INFO o.a.j.t.JMeterThread: Thread started: Thread Group3 3-6
2022-01-10 14:46:05,385 INFO o.a.j.t.JMeterThread: Thread started: Thread Group4 4-3
2022-01-10 14:46:05,484 INFO o.a.j.t.JMeterThread: Thread started: Thread Group3 3-7
2022-01-10 14:46:05,496 INFO o.a.j.t.JMeterThread: Thread is done: Thread Group 1-1
2022-01-10 14:46:05,496 INFO o.a.j.t.JMeterThread: Thread finished: Thread Group 1-1
2022-01-10 14:46:05,546 INFO o.a.j.t.JMeterThread: Thread started: Thread Group 1-3
2022-01-10 14:46:05,584 INFO o.a.j.t.JMeterThread: Thread started: Thread Group3 3-8
2022-01-10 14:46:05,635 INFO o.a.j.t.JMeterThread: Thread started: Thread Group4 4-4
2022-01-10 14:46:05,683 INFO o.a.j.t.JMeterThread: Thread started: Thread Group2  2-3
2022-01-10 14:46:05,684 INFO o.a.j.t.JMeterThread: Thread started: Thread Group3 3-9
2022-01-10 14:46:05,721 INFO o.a.j.t.JMeterThread: Thread is done: Thread Group4 4-1
2022-01-10 14:46:05,721 INFO o.a.j.t.JMeterThread: Thread finished: Thread Group4 4-1
2022-01-10 14:46:05,765 INFO o.a.j.t.JMeterThread: Thread is done: Thread Group4 4-2
2022-01-10 14:46:05,765 INFO o.a.j.t.JMeterThread: Thread finished: Thread Group4 4-2
2022-01-10 14:46:05,784 INFO o.a.j.t.JMeterThread: Thread started: Thread Group3 3-10
2022-01-10 14:46:05,808 INFO o.a.j.t.JMeterThread: Thread is done: Thread Group 1-2
2022-01-10 14:46:05,809 INFO o.a.j.t.JMeterThread: Thread finished: Thread Group 1-2
2022-01-10 14:46:06,024 INFO o.a.j.t.JMeterThread: Thread is done: Thread Group2  2-1
2022-01-10 14:46:06,024 INFO o.a.j.t.JMeterThread: Thread finished: Thread Group2  2-1
2022-01-10 14:46:06,089 INFO o.a.j.t.JMeterThread: Thread started: Thread Group2  2-4
2022-01-10 14:46:06,185 INFO o.a.j.t.JMeterThread: Thread is done: Thread Group 1-3
2022-01-10 14:46:06,185 INFO o.a.j.t.JMeterThread: Thread finished: Thread Group 1-3
2022-01-10 14:46:06,358 INFO o.a.j.t.JMeterThread: Thread is done: Thread Group4 4-3
2022-01-10 14:46:06,358 INFO o.a.j.t.JMeterThread: Thread finished: Thread Group4 4-3
2022-01-10 14:46:06,444 INFO o.a.j.t.JMeterThread: Thread is done: Thread Group4 4-4
2022-01-10 14:46:06,444 INFO o.a.j.t.JMeterThread: Thread finished: Thread Group4 4-4
2022-01-10 14:46:06,471 INFO o.a.j.t.JMeterThread: Thread is done: Thread Group3 3-1
2022-01-10 14:46:06,471 INFO o.a.j.t.JMeterThread: Thread finished: Thread Group3 3-1
2022-01-10 14:46:06,485 INFO o.a.j.t.JMeterThread: Thread is done: Thread Group3 3-3
2022-01-10 14:46:06,485 INFO o.a.j.t.JMeterThread: Thread finished: Thread Group3 3-3
2022-01-10 14:46:06,488 INFO o.a.j.t.JMeterThread: Thread started: Thread Group2  2-5
2022-01-10 14:46:06,687 INFO o.a.j.t.JMeterThread: Thread is done: Thread Group3 3-2
2022-01-10 14:46:06,687 INFO o.a.j.t.JMeterThread: Thread finished: Thread Group3 3-2
2022-01-10 14:46:06,839 INFO o.a.j.t.JMeterThread: Thread is done: Thread Group2  2-3
2022-01-10 14:46:06,840 INFO o.a.j.t.JMeterThread: Thread finished: Thread Group2  2-3
2022-01-10 14:46:06,907 INFO o.a.j.t.JMeterThread: Thread is done: Thread Group2  2-2
2022-01-10 14:46:06,907 INFO o.a.j.t.JMeterThread: Thread finished: Thread Group2  2-2
2022-01-10 14:46:06,937 INFO o.a.j.t.JMeterThread: Thread is done: Thread Group3 3-4
2022-01-10 14:46:06,937 INFO o.a.j.t.JMeterThread: Thread finished: Thread Group3 3-4
2022-01-10 14:46:07,038 INFO o.a.j.t.JMeterThread: Thread is done: Thread Group3 3-5
2022-01-10 14:46:07,039 INFO o.a.j.t.JMeterThread: Thread finished: Thread Group3 3-5
2022-01-10 14:46:07,068 INFO o.a.j.t.JMeterThread: Thread is done: Thread Group3 3-8
2022-01-10 14:46:07,068 INFO o.a.j.t.JMeterThread: Thread finished: Thread Group3 3-8
2022-01-10 14:46:07,133 INFO o.a.j.t.JMeterThread: Thread is done: Thread Group3 3-9
2022-01-10 14:46:07,133 INFO o.a.j.t.JMeterThread: Thread finished: Thread Group3 3-9
2022-01-10 14:46:07,211 INFO o.a.j.t.JMeterThread: Thread is done: Thread Group2  2-4
2022-01-10 14:46:07,211 INFO o.a.j.t.JMeterThread: Thread finished: Thread Group2  2-4
2022-01-10 14:46:07,327 INFO o.a.j.t.JMeterThread: Thread is done: Thread Group3 3-10
2022-01-10 14:46:07,327 INFO o.a.j.t.JMeterThread: Thread finished: Thread Group3 3-10
2022-01-10 14:46:07,341 INFO o.a.j.t.JMeterThread: Thread is done: Thread Group2  2-5
2022-01-10 14:46:07,341 INFO o.a.j.t.JMeterThread: Thread finished: Thread Group2  2-5
2022-01-10 14:46:08,068 INFO o.a.j.t.JMeterThread: Thread is done: Thread Group3 3-7
2022-01-10 14:46:08,068 INFO o.a.j.t.JMeterThread: Thread finished: Thread Group3 3-7
2022-01-10 14:46:08,122 INFO o.a.j.t.JMeterThread: Thread is done: Thread Group3 3-6
2022-01-10 14:46:08,122 INFO o.a.j.t.JMeterThread: Thread finished: Thread Group3 3-6
2022-01-10 14:46:08,123 INFO o.a.j.e.StandardJMeterEngine: Notifying test listeners of end of test
2022-01-10 14:46:08,123 INFO o.a.j.g.u.JMeterMenuBar: setRunning(false, *local*)
2022-01-10 14:54:17,659 INFO o.a.j.e.StandardJMeterEngine: Running the test!
2022-01-10 14:54:17,659 INFO o.a.j.s.SampleEvent: List of sample_variables: []
2022-01-10 14:54:17,660 INFO o.a.j.g.u.JMeterMenuBar: setRunning(true, *local*)
2022-01-10 14:54:17,663 INFO o.a.j.e.StandardJMeterEngine: Starting ThreadGroup: 1 : Thread Group
2022-01-10 14:54:17,665 INFO o.a.j.e.StandardJMeterEngine: Starting 3 threads for group Thread Group.
2022-01-10 14:54:17,665 INFO o.a.j.e.StandardJMeterEngine: Thread will continue on error
2022-01-10 14:54:17,665 INFO o.a.j.t.ThreadGroup: Starting thread group... number=1 threads=3 ramp-up=1 delayedStart=false
2022-01-10 14:54:17,665 INFO o.a.j.t.ThreadGroup: Started thread group number 1
2022-01-10 14:54:17,666 INFO o.a.j.e.StandardJMeterEngine: Starting ThreadGroup: 2 : Thread Group2 
2022-01-10 14:54:17,666 INFO o.a.j.e.StandardJMeterEngine: Starting 5 threads for group Thread Group2 .
2022-01-10 14:54:17,666 INFO o.a.j.e.StandardJMeterEngine: Thread will continue on error
2022-01-10 14:54:17,666 INFO o.a.j.t.JMeterThread: Thread started: Thread Group 1-1
2022-01-10 14:54:17,666 INFO o.a.j.t.ThreadGroup: Starting thread group... number=2 threads=5 ramp-up=2 delayedStart=false
2022-01-10 14:54:17,666 INFO o.a.j.t.JMeterThread: Thread started: Thread Group2  2-1
2022-01-10 14:54:17,667 INFO o.a.j.t.ThreadGroup: Started thread group number 2
2022-01-10 14:54:17,667 INFO o.a.j.e.StandardJMeterEngine: Starting ThreadGroup: 3 : Thread Group3
2022-01-10 14:54:17,667 INFO o.a.j.e.StandardJMeterEngine: Starting 10 threads for group Thread Group3.
2022-01-10 14:54:17,667 INFO o.a.j.e.StandardJMeterEngine: Thread will continue on error
2022-01-10 14:54:17,667 INFO o.a.j.t.ThreadGroup: Starting thread group... number=3 threads=10 ramp-up=1 delayedStart=false
2022-01-10 14:54:17,668 INFO o.a.j.t.JMeterThread: Thread started: Thread Group3 3-1
2022-01-10 14:54:17,669 INFO o.a.j.t.ThreadGroup: Started thread group number 3
2022-01-10 14:54:17,670 INFO o.a.j.e.StandardJMeterEngine: Starting ThreadGroup: 4 : Thread Group4
2022-01-10 14:54:17,670 INFO o.a.j.e.StandardJMeterEngine: Starting 4 threads for group Thread Group4.
2022-01-10 14:54:17,670 INFO o.a.j.e.StandardJMeterEngine: Thread will continue on error
2022-01-10 14:54:17,670 INFO o.a.j.t.ThreadGroup: Starting thread group... number=4 threads=4 ramp-up=1 delayedStart=false
2022-01-10 14:54:17,671 INFO o.a.j.t.ThreadGroup: Started thread group number 4
2022-01-10 14:54:17,671 INFO o.a.j.t.JMeterThread: Thread started: Thread Group4 4-1
2022-01-10 14:54:17,671 INFO o.a.j.e.StandardJMeterEngine: All thread groups have been started
2022-01-10 14:54:17,768 INFO o.a.j.t.JMeterThread: Thread started: Thread Group3 3-2
2022-01-10 14:54:17,868 INFO o.a.j.t.JMeterThread: Thread started: Thread Group3 3-3
2022-01-10 14:54:17,921 INFO o.a.j.t.JMeterThread: Thread started: Thread Group4 4-2
2022-01-10 14:54:17,968 INFO o.a.j.t.JMeterThread: Thread started: Thread Group3 3-4
2022-01-10 14:54:17,998 INFO o.a.j.t.JMeterThread: Thread started: Thread Group 1-2
2022-01-10 14:54:18,066 INFO o.a.j.t.JMeterThread: Thread started: Thread Group2  2-2
2022-01-10 14:54:18,068 INFO o.a.j.t.JMeterThread: Thread started: Thread Group3 3-5
2022-01-10 14:54:18,168 INFO o.a.j.t.JMeterThread: Thread started: Thread Group3 3-6
2022-01-10 14:54:18,171 INFO o.a.j.t.JMeterThread: Thread started: Thread Group4 4-3
2022-01-10 14:54:18,267 INFO o.a.j.t.JMeterThread: Thread started: Thread Group3 3-7
2022-01-10 14:54:18,332 INFO o.a.j.t.JMeterThread: Thread started: Thread Group 1-3
2022-01-10 14:54:18,367 INFO o.a.j.t.JMeterThread: Thread started: Thread Group3 3-8
2022-01-10 14:54:18,420 INFO o.a.j.t.JMeterThread: Thread started: Thread Group4 4-4
2022-01-10 14:54:18,466 INFO o.a.j.t.JMeterThread: Thread started: Thread Group2  2-3
2022-01-10 14:54:18,467 INFO o.a.j.t.JMeterThread: Thread started: Thread Group3 3-9
2022-01-10 14:54:18,493 INFO o.a.j.t.JMeterThread: Thread is done: Thread Group 1-2
2022-01-10 14:54:18,493 INFO o.a.j.t.JMeterThread: Thread finished: Thread Group 1-2
2022-01-10 14:54:18,567 INFO o.a.j.t.JMeterThread: Thread started: Thread Group3 3-10
2022-01-10 14:54:18,680 INFO o.a.j.t.JMeterThread: Thread is done: Thread Group4 4-1
2022-01-10 14:54:18,680 INFO o.a.j.t.JMeterThread: Thread finished: Thread Group4 4-1
2022-01-10 14:54:18,830 INFO o.a.j.t.JMeterThread: Thread is done: Thread Group4 4-2
2022-01-10 14:54:18,830 INFO o.a.j.t.JMeterThread: Thread finished: Thread Group4 4-2
2022-01-10 14:54:18,874 INFO o.a.j.t.JMeterThread: Thread is done: Thread Group 1-3
2022-01-10 14:54:18,874 INFO o.a.j.t.JMeterThread: Thread finished: Thread Group 1-3
2022-01-10 14:54:18,875 INFO o.a.j.t.JMeterThread: Thread started: Thread Group2  2-4
2022-01-10 14:54:18,904 INFO o.a.j.t.JMeterThread: Thread is done: Thread Group4 4-3
2022-01-10 14:54:18,905 INFO o.a.j.t.JMeterThread: Thread finished: Thread Group4 4-3
2022-01-10 14:54:18,925 INFO o.a.j.t.JMeterThread: Thread is done: Thread Group2  2-1
2022-01-10 14:54:18,925 INFO o.a.j.t.JMeterThread: Thread finished: Thread Group2  2-1
2022-01-10 14:54:18,998 INFO o.a.j.t.JMeterThread: Thread is done: Thread Group2  2-2
2022-01-10 14:54:18,999 INFO o.a.j.t.JMeterThread: Thread finished: Thread Group2  2-2
2022-01-10 14:54:19,281 INFO o.a.j.t.JMeterThread: Thread started: Thread Group2  2-5
2022-01-10 14:54:19,344 INFO o.a.j.t.JMeterThread: Thread is done: Thread Group4 4-4
2022-01-10 14:54:19,344 INFO o.a.j.t.JMeterThread: Thread finished: Thread Group4 4-4
2022-01-10 14:54:19,383 INFO o.a.j.t.JMeterThread: Thread is done: Thread Group2  2-3
2022-01-10 14:54:19,383 INFO o.a.j.t.JMeterThread: Thread finished: Thread Group2  2-3
2022-01-10 14:54:19,385 INFO o.a.j.t.JMeterThread: Thread is done: Thread Group 1-1
2022-01-10 14:54:19,386 INFO o.a.j.t.JMeterThread: Thread finished: Thread Group 1-1
2022-01-10 14:54:19,689 INFO o.a.j.t.JMeterThread: Thread is done: Thread Group2  2-4
2022-01-10 14:54:19,690 INFO o.a.j.t.JMeterThread: Thread finished: Thread Group2  2-4
2022-01-10 14:54:19,821 INFO o.a.j.t.JMeterThread: Thread is done: Thread Group3 3-2
2022-01-10 14:54:19,821 INFO o.a.j.t.JMeterThread: Thread finished: Thread Group3 3-2
2022-01-10 14:54:20,038 INFO o.a.j.t.JMeterThread: Thread is done: Thread Group3 3-10
2022-01-10 14:54:20,038 INFO o.a.j.t.JMeterThread: Thread finished: Thread Group3 3-10
2022-01-10 14:54:20,079 INFO o.a.j.t.JMeterThread: Thread is done: Thread Group2  2-5
2022-01-10 14:54:20,079 INFO o.a.j.t.JMeterThread: Thread finished: Thread Group2  2-5
2022-01-10 14:54:20,086 INFO o.a.j.t.JMeterThread: Thread is done: Thread Group3 3-4
2022-01-10 14:54:20,086 INFO o.a.j.t.JMeterThread: Thread finished: Thread Group3 3-4
2022-01-10 14:54:20,229 INFO o.a.j.t.JMeterThread: Thread is done: Thread Group3 3-6
2022-01-10 14:54:20,230 INFO o.a.j.t.JMeterThread: Thread finished: Thread Group3 3-6
2022-01-10 14:54:20,333 INFO o.a.j.t.JMeterThread: Thread is done: Thread Group3 3-7
2022-01-10 14:54:20,333 INFO o.a.j.t.JMeterThread: Thread finished: Thread Group3 3-7
2022-01-10 14:54:20,385 INFO o.a.j.t.JMeterThread: Thread is done: Thread Group3 3-1
2022-01-10 14:54:20,385 INFO o.a.j.t.JMeterThread: Thread finished: Thread Group3 3-1
2022-01-10 14:54:20,557 INFO o.a.j.t.JMeterThread: Thread is done: Thread Group3 3-3
2022-01-10 14:54:20,557 INFO o.a.j.t.JMeterThread: Thread finished: Thread Group3 3-3
2022-01-10 14:54:20,732 INFO o.a.j.t.JMeterThread: Thread is done: Thread Group3 3-5
2022-01-10 14:54:20,732 INFO o.a.j.t.JMeterThread: Thread finished: Thread Group3 3-5
2022-01-10 14:54:21,038 INFO o.a.j.t.JMeterThread: Thread is done: Thread Group3 3-8
2022-01-10 14:54:21,038 INFO o.a.j.t.JMeterThread: Thread finished: Thread Group3 3-8
2022-01-10 14:54:21,313 INFO o.a.j.t.JMeterThread: Thread is done: Thread Group3 3-9
2022-01-10 14:54:21,314 INFO o.a.j.t.JMeterThread: Thread finished: Thread Group3 3-9
2022-01-10 14:54:21,314 INFO o.a.j.e.StandardJMeterEngine: Notifying test listeners of end of test
2022-01-10 14:54:21,314 INFO o.a.j.g.u.JMeterMenuBar: setRunning(false, *local*)
2022-01-10 14:55:22,075 INFO o.a.j.e.StandardJMeterEngine: Running the test!
2022-01-10 14:55:22,075 INFO o.a.j.s.SampleEvent: List of sample_variables: []
2022-01-10 14:55:22,076 INFO o.a.j.g.u.JMeterMenuBar: setRunning(true, *local*)
2022-01-10 14:55:22,077 INFO o.a.j.e.StandardJMeterEngine: Starting ThreadGroup: 1 : Thread Group
2022-01-10 14:55:22,077 INFO o.a.j.e.StandardJMeterEngine: Starting 3 threads for group Thread Group.
2022-01-10 14:55:22,077 INFO o.a.j.e.StandardJMeterEngine: Thread will continue on error
2022-01-10 14:55:22,077 INFO o.a.j.t.ThreadGroup: Starting thread group... number=1 threads=3 ramp-up=1 delayedStart=false
2022-01-10 14:55:22,077 INFO o.a.j.t.ThreadGroup: Started thread group number 1
2022-01-10 14:55:22,077 INFO o.a.j.e.StandardJMeterEngine: Starting ThreadGroup: 2 : Thread Group2 
2022-01-10 14:55:22,077 INFO o.a.j.e.StandardJMeterEngine: Starting 5 threads for group Thread Group2 .
2022-01-10 14:55:22,079 INFO o.a.j.e.StandardJMeterEngine: Thread will continue on error
2022-01-10 14:55:22,077 INFO o.a.j.t.JMeterThread: Thread started: Thread Group 1-1
2022-01-10 14:55:22,080 INFO o.a.j.t.ThreadGroup: Starting thread group... number=2 threads=5 ramp-up=2 delayedStart=false
2022-01-10 14:55:22,082 INFO o.a.j.t.JMeterThread: Thread started: Thread Group2  2-1
2022-01-10 14:55:22,083 INFO o.a.j.t.ThreadGroup: Started thread group number 2
2022-01-10 14:55:22,083 INFO o.a.j.e.StandardJMeterEngine: Starting ThreadGroup: 3 : Thread Group3
2022-01-10 14:55:22,083 INFO o.a.j.e.StandardJMeterEngine: Starting 10 threads for group Thread Group3.
2022-01-10 14:55:22,083 INFO o.a.j.e.StandardJMeterEngine: Thread will continue on error
2022-01-10 14:55:22,083 INFO o.a.j.t.ThreadGroup: Starting thread group... number=3 threads=10 ramp-up=1 delayedStart=false
2022-01-10 14:55:22,083 INFO o.a.j.t.JMeterThread: Thread started: Thread Group3 3-1
2022-01-10 14:55:22,084 INFO o.a.j.t.ThreadGroup: Started thread group number 3
2022-01-10 14:55:22,085 INFO o.a.j.e.StandardJMeterEngine: Starting ThreadGroup: 4 : Thread Group4
2022-01-10 14:55:22,085 INFO o.a.j.e.StandardJMeterEngine: Starting 4 threads for group Thread Group4.
2022-01-10 14:55:22,085 INFO o.a.j.e.StandardJMeterEngine: Thread will continue on error
2022-01-10 14:55:22,085 INFO o.a.j.t.ThreadGroup: Starting thread group... number=4 threads=4 ramp-up=1 delayedStart=false
2022-01-10 14:55:22,085 INFO o.a.j.t.JMeterThread: Thread started: Thread Group4 4-1
2022-01-10 14:55:22,086 INFO o.a.j.t.ThreadGroup: Started thread group number 4
2022-01-10 14:55:22,086 INFO o.a.j.e.StandardJMeterEngine: All thread groups have been started
2022-01-10 14:55:22,183 INFO o.a.j.t.JMeterThread: Thread started: Thread Group3 3-2
2022-01-10 14:55:22,283 INFO o.a.j.t.JMeterThread: Thread started: Thread Group3 3-3
2022-01-10 14:55:22,336 INFO o.a.j.t.JMeterThread: Thread started: Thread Group4 4-2
2022-01-10 14:55:22,384 INFO o.a.j.t.JMeterThread: Thread started: Thread Group3 3-4
2022-01-10 14:55:22,410 INFO o.a.j.t.JMeterThread: Thread started: Thread Group 1-2
2022-01-10 14:55:22,481 INFO o.a.j.t.JMeterThread: Thread started: Thread Group2  2-2
2022-01-10 14:55:22,484 INFO o.a.j.t.JMeterThread: Thread started: Thread Group3 3-5
2022-01-10 14:55:22,584 INFO o.a.j.t.JMeterThread: Thread started: Thread Group3 3-6
2022-01-10 14:55:22,587 INFO o.a.j.t.JMeterThread: Thread started: Thread Group4 4-3
2022-01-10 14:55:22,635 INFO o.a.j.t.JMeterThread: Thread is done: Thread Group 1-1
2022-01-10 14:55:22,635 INFO o.a.j.t.JMeterThread: Thread finished: Thread Group 1-1
2022-01-10 14:55:22,684 INFO o.a.j.t.JMeterThread: Thread started: Thread Group3 3-7
2022-01-10 14:55:22,744 INFO o.a.j.t.JMeterThread: Thread started: Thread Group 1-3
2022-01-10 14:55:22,784 INFO o.a.j.t.JMeterThread: Thread started: Thread Group3 3-8
2022-01-10 14:55:22,837 INFO o.a.j.t.JMeterThread: Thread started: Thread Group4 4-4
2022-01-10 14:55:22,882 INFO o.a.j.t.JMeterThread: Thread started: Thread Group2  2-3
2022-01-10 14:55:22,885 INFO o.a.j.t.JMeterThread: Thread started: Thread Group3 3-9
2022-01-10 14:55:22,985 INFO o.a.j.t.JMeterThread: Thread started: Thread Group3 3-10
2022-01-10 14:55:23,018 INFO o.a.j.t.JMeterThread: Thread is done: Thread Group 1-2
2022-01-10 14:55:23,019 INFO o.a.j.t.JMeterThread: Thread finished: Thread Group 1-2
2022-01-10 14:55:23,064 INFO o.a.j.t.JMeterThread: Thread is done: Thread Group4 4-2
2022-01-10 14:55:23,064 INFO o.a.j.t.JMeterThread: Thread finished: Thread Group4 4-2
2022-01-10 14:55:23,097 INFO o.a.j.t.JMeterThread: Thread is done: Thread Group4 4-1
2022-01-10 14:55:23,098 INFO o.a.j.t.JMeterThread: Thread finished: Thread Group4 4-1
2022-01-10 14:55:23,217 INFO o.a.j.t.JMeterThread: Thread is done: Thread Group2  2-1
2022-01-10 14:55:23,217 INFO o.a.j.t.JMeterThread: Thread finished: Thread Group2  2-1
2022-01-10 14:55:23,227 INFO o.a.j.t.JMeterThread: Thread is done: Thread Group 1-3
2022-01-10 14:55:23,227 INFO o.a.j.t.JMeterThread: Thread finished: Thread Group 1-3
2022-01-10 14:55:23,282 INFO o.a.j.t.JMeterThread: Thread started: Thread Group2  2-4
2022-01-10 14:55:23,637 INFO o.a.j.t.JMeterThread: Thread is done: Thread Group4 4-3
2022-01-10 14:55:23,637 INFO o.a.j.t.JMeterThread: Thread finished: Thread Group4 4-3
2022-01-10 14:55:23,682 INFO o.a.j.t.JMeterThread: Thread started: Thread Group2  2-5
2022-01-10 14:55:23,814 INFO o.a.j.t.JMeterThread: Thread is done: Thread Group2  2-2
2022-01-10 14:55:23,814 INFO o.a.j.t.JMeterThread: Thread finished: Thread Group2  2-2
2022-01-10 14:55:23,844 INFO o.a.j.t.JMeterThread: Thread is done: Thread Group3 3-3
2022-01-10 14:55:23,844 INFO o.a.j.t.JMeterThread: Thread finished: Thread Group3 3-3
2022-01-10 14:55:23,925 INFO o.a.j.t.JMeterThread: Thread is done: Thread Group3 3-2
2022-01-10 14:55:23,925 INFO o.a.j.t.JMeterThread: Thread finished: Thread Group3 3-2
2022-01-10 14:55:23,954 INFO o.a.j.t.JMeterThread: Thread is done: Thread Group3 3-1
2022-01-10 14:55:23,954 INFO o.a.j.t.JMeterThread: Thread finished: Thread Group3 3-1
2022-01-10 14:55:24,059 INFO o.a.j.t.JMeterThread: Thread is done: Thread Group3 3-5
2022-01-10 14:55:24,060 INFO o.a.j.t.JMeterThread: Thread finished: Thread Group3 3-5
2022-01-10 14:55:24,066 INFO o.a.j.t.JMeterThread: Thread is done: Thread Group3 3-4
2022-01-10 14:55:24,066 INFO o.a.j.t.JMeterThread: Thread finished: Thread Group3 3-4
2022-01-10 14:55:24,151 INFO o.a.j.t.JMeterThread: Thread is done: Thread Group4 4-4
2022-01-10 14:55:24,151 INFO o.a.j.t.JMeterThread: Thread finished: Thread Group4 4-4
2022-01-10 14:55:24,423 INFO o.a.j.t.JMeterThread: Thread is done: Thread Group3 3-6
2022-01-10 14:55:24,424 INFO o.a.j.t.JMeterThread: Thread finished: Thread Group3 3-6
2022-01-10 14:55:24,424 INFO o.a.j.t.JMeterThread: Thread is done: Thread Group3 3-7
2022-01-10 14:55:24,424 INFO o.a.j.t.JMeterThread: Thread finished: Thread Group3 3-7
2022-01-10 14:55:24,463 INFO o.a.j.t.JMeterThread: Thread is done: Thread Group3 3-8
2022-01-10 14:55:24,463 INFO o.a.j.t.JMeterThread: Thread finished: Thread Group3 3-8
2022-01-10 14:55:24,474 INFO o.a.j.t.JMeterThread: Thread is done: Thread Group2  2-3
2022-01-10 14:55:24,474 INFO o.a.j.t.JMeterThread: Thread finished: Thread Group2  2-3
2022-01-10 14:55:24,636 INFO o.a.j.t.JMeterThread: Thread is done: Thread Group2  2-4
2022-01-10 14:55:24,636 INFO o.a.j.t.JMeterThread: Thread finished: Thread Group2  2-4
2022-01-10 14:55:24,669 INFO o.a.j.t.JMeterThread: Thread is done: Thread Group3 3-9
2022-01-10 14:55:24,669 INFO o.a.j.t.JMeterThread: Thread finished: Thread Group3 3-9
2022-01-10 14:55:24,698 INFO o.a.j.t.JMeterThread: Thread is done: Thread Group3 3-10
2022-01-10 14:55:24,698 INFO o.a.j.t.JMeterThread: Thread finished: Thread Group3 3-10
2022-01-10 14:55:24,859 INFO o.a.j.t.JMeterThread: Thread is done: Thread Group2  2-5
2022-01-10 14:55:24,859 INFO o.a.j.t.JMeterThread: Thread finished: Thread Group2  2-5
2022-01-10 14:55:24,860 INFO o.a.j.e.StandardJMeterEngine: Notifying test listeners of end of test
2022-01-10 14:55:24,860 INFO o.a.j.g.u.JMeterMenuBar: setRunning(false, *local*)
2022-01-10 14:55:41,745 INFO o.a.j.v.ViewResultsFullVisualizer: Add JavaFX to your Java installation if you want to use renderer: org.apache.jmeter.visualizers.RenderInBrowser
2022-01-10 14:55:46,668 INFO o.a.j.e.StandardJMeterEngine: Running the test!
2022-01-10 14:55:46,668 INFO o.a.j.s.SampleEvent: List of sample_variables: []
2022-01-10 14:55:46,669 INFO o.a.j.g.u.JMeterMenuBar: setRunning(true, *local*)
2022-01-10 14:55:46,669 INFO o.a.j.e.StandardJMeterEngine: Starting ThreadGroup: 1 : Thread Group
2022-01-10 14:55:46,670 INFO o.a.j.e.StandardJMeterEngine: Starting 3 threads for group Thread Group.
2022-01-10 14:55:46,672 INFO o.a.j.e.StandardJMeterEngine: Thread will continue on error
2022-01-10 14:55:46,674 INFO o.a.j.t.ThreadGroup: Starting thread group... number=1 threads=3 ramp-up=1 delayedStart=false
2022-01-10 14:55:46,675 INFO o.a.j.t.ThreadGroup: Started thread group number 1
2022-01-10 14:55:46,675 INFO o.a.j.e.StandardJMeterEngine: Starting ThreadGroup: 2 : Thread Group2 
2022-01-10 14:55:46,675 INFO o.a.j.t.JMeterThread: Thread started: Thread Group 1-1
2022-01-10 14:55:46,675 INFO o.a.j.e.StandardJMeterEngine: Starting 5 threads for group Thread Group2 .
2022-01-10 14:55:46,675 INFO o.a.j.e.StandardJMeterEngine: Thread will continue on error
2022-01-10 14:55:46,675 INFO o.a.j.t.ThreadGroup: Starting thread group... number=2 threads=5 ramp-up=2 delayedStart=false
2022-01-10 14:55:46,676 INFO o.a.j.t.JMeterThread: Thread started: Thread Group2  2-1
2022-01-10 14:55:46,676 INFO o.a.j.t.ThreadGroup: Started thread group number 2
2022-01-10 14:55:46,676 INFO o.a.j.e.StandardJMeterEngine: Starting ThreadGroup: 3 : Thread Group3
2022-01-10 14:55:46,676 INFO o.a.j.e.StandardJMeterEngine: Starting 10 threads for group Thread Group3.
2022-01-10 14:55:46,676 INFO o.a.j.e.StandardJMeterEngine: Thread will continue on error
2022-01-10 14:55:46,676 INFO o.a.j.t.ThreadGroup: Starting thread group... number=3 threads=10 ramp-up=1 delayedStart=false
2022-01-10 14:55:46,677 INFO o.a.j.t.JMeterThread: Thread started: Thread Group3 3-1
2022-01-10 14:55:46,679 INFO o.a.j.t.ThreadGroup: Started thread group number 3
2022-01-10 14:55:46,679 INFO o.a.j.e.StandardJMeterEngine: Starting ThreadGroup: 4 : Thread Group4
2022-01-10 14:55:46,679 INFO o.a.j.e.StandardJMeterEngine: Starting 4 threads for group Thread Group4.
2022-01-10 14:55:46,679 INFO o.a.j.e.StandardJMeterEngine: Thread will continue on error
2022-01-10 14:55:46,679 INFO o.a.j.t.ThreadGroup: Starting thread group... number=4 threads=4 ramp-up=1 delayedStart=false
2022-01-10 14:55:46,680 INFO o.a.j.t.ThreadGroup: Started thread group number 4
2022-01-10 14:55:46,680 INFO o.a.j.t.JMeterThread: Thread started: Thread Group4 4-1
2022-01-10 14:55:46,680 INFO o.a.j.e.StandardJMeterEngine: All thread groups have been started
2022-01-10 14:55:46,776 INFO o.a.j.t.JMeterThread: Thread started: Thread Group3 3-2
2022-01-10 14:55:46,877 INFO o.a.j.t.JMeterThread: Thread started: Thread Group3 3-3
2022-01-10 14:55:46,931 INFO o.a.j.t.JMeterThread: Thread started: Thread Group4 4-2
2022-01-10 14:55:46,978 INFO o.a.j.t.JMeterThread: Thread started: Thread Group3 3-4
2022-01-10 14:55:47,008 INFO o.a.j.t.JMeterThread: Thread started: Thread Group 1-2
2022-01-10 14:55:47,076 INFO o.a.j.t.JMeterThread: Thread started: Thread Group2  2-2
2022-01-10 14:55:47,077 INFO o.a.j.t.JMeterThread: Thread started: Thread Group3 3-5
2022-01-10 14:55:47,176 INFO o.a.j.t.JMeterThread: Thread started: Thread Group3 3-6
2022-01-10 14:55:47,180 INFO o.a.j.t.JMeterThread: Thread started: Thread Group4 4-3
2022-01-10 14:55:47,193 INFO o.a.j.t.JMeterThread: Thread is done: Thread Group 1-1
2022-01-10 14:55:47,193 INFO o.a.j.t.JMeterThread: Thread finished: Thread Group 1-1
2022-01-10 14:55:47,276 INFO o.a.j.t.JMeterThread: Thread started: Thread Group3 3-7
2022-01-10 14:55:47,341 INFO o.a.j.t.JMeterThread: Thread started: Thread Group 1-3
2022-01-10 14:55:47,350 INFO o.a.j.t.JMeterThread: Thread is done: Thread Group4 4-1
2022-01-10 14:55:47,350 INFO o.a.j.t.JMeterThread: Thread finished: Thread Group4 4-1
2022-01-10 14:55:47,376 INFO o.a.j.t.JMeterThread: Thread started: Thread Group3 3-8
2022-01-10 14:55:47,430 INFO o.a.j.t.JMeterThread: Thread started: Thread Group4 4-4
2022-01-10 14:55:47,476 INFO o.a.j.t.JMeterThread: Thread started: Thread Group2  2-3
2022-01-10 14:55:47,477 INFO o.a.j.t.JMeterThread: Thread started: Thread Group3 3-9
2022-01-10 14:55:47,536 INFO o.a.j.t.JMeterThread: Thread is done: Thread Group 1-2
2022-01-10 14:55:47,536 INFO o.a.j.t.JMeterThread: Thread finished: Thread Group 1-2
2022-01-10 14:55:47,578 INFO o.a.j.t.JMeterThread: Thread started: Thread Group3 3-10
2022-01-10 14:55:47,687 INFO o.a.j.t.JMeterThread: Thread is done: Thread Group4 4-2
2022-01-10 14:55:47,687 INFO o.a.j.t.JMeterThread: Thread finished: Thread Group4 4-2
2022-01-10 14:55:47,875 INFO o.a.j.t.JMeterThread: Thread started: Thread Group2  2-4
2022-01-10 14:55:47,964 INFO o.a.j.t.JMeterThread: Thread is done: Thread Group2  2-1
2022-01-10 14:55:47,964 INFO o.a.j.t.JMeterThread: Thread finished: Thread Group2  2-1
2022-01-10 14:55:47,990 INFO o.a.j.t.JMeterThread: Thread is done: Thread Group 1-3
2022-01-10 14:55:47,991 INFO o.a.j.t.JMeterThread: Thread finished: Thread Group 1-3
2022-01-10 14:55:48,260 INFO o.a.j.t.JMeterThread: Thread is done: Thread Group3 3-1
2022-01-10 14:55:48,260 INFO o.a.j.t.JMeterThread: Thread finished: Thread Group3 3-1
2022-01-10 14:55:48,275 INFO o.a.j.t.JMeterThread: Thread started: Thread Group2  2-5
2022-01-10 14:55:48,548 INFO o.a.j.t.JMeterThread: Thread is done: Thread Group2  2-2
2022-01-10 14:55:48,548 INFO o.a.j.t.JMeterThread: Thread finished: Thread Group2  2-2
2022-01-10 14:55:48,695 INFO o.a.j.t.JMeterThread: Thread is done: Thread Group3 3-3
2022-01-10 14:55:48,695 INFO o.a.j.t.JMeterThread: Thread finished: Thread Group3 3-3
2022-01-10 14:55:48,769 INFO o.a.j.t.JMeterThread: Thread is done: Thread Group4 4-3
2022-01-10 14:55:48,770 INFO o.a.j.t.JMeterThread: Thread finished: Thread Group4 4-3
2022-01-10 14:55:48,838 INFO o.a.j.t.JMeterThread: Thread is done: Thread Group3 3-2
2022-01-10 14:55:48,838 INFO o.a.j.t.JMeterThread: Thread finished: Thread Group3 3-2
2022-01-10 14:55:48,877 INFO o.a.j.t.JMeterThread: Thread is done: Thread Group3 3-5
2022-01-10 14:55:48,877 INFO o.a.j.t.JMeterThread: Thread finished: Thread Group3 3-5
2022-01-10 14:55:48,889 INFO o.a.j.t.JMeterThread: Thread is done: Thread Group4 4-4
2022-01-10 14:55:48,889 INFO o.a.j.t.JMeterThread: Thread finished: Thread Group4 4-4
2022-01-10 14:55:48,910 INFO o.a.j.t.JMeterThread: Thread is done: Thread Group3 3-7
2022-01-10 14:55:48,910 INFO o.a.j.t.JMeterThread: Thread finished: Thread Group3 3-7
2022-01-10 14:55:48,936 INFO o.a.j.t.JMeterThread: Thread is done: Thread Group3 3-4
2022-01-10 14:55:48,936 INFO o.a.j.t.JMeterThread: Thread finished: Thread Group3 3-4
2022-01-10 14:55:48,937 INFO o.a.j.t.JMeterThread: Thread is done: Thread Group3 3-6
2022-01-10 14:55:48,938 INFO o.a.j.t.JMeterThread: Thread finished: Thread Group3 3-6
2022-01-10 14:55:49,000 INFO o.a.j.t.JMeterThread: Thread is done: Thread Group3 3-8
2022-01-10 14:55:49,000 INFO o.a.j.t.JMeterThread: Thread finished: Thread Group3 3-8
2022-01-10 14:55:49,022 INFO o.a.j.t.JMeterThread: Thread is done: Thread Group2  2-3
2022-01-10 14:55:49,022 INFO o.a.j.t.JMeterThread: Thread finished: Thread Group2  2-3
2022-01-10 14:55:49,320 INFO o.a.j.t.JMeterThread: Thread is done: Thread Group3 3-9
2022-01-10 14:55:49,320 INFO o.a.j.t.JMeterThread: Thread finished: Thread Group3 3-9
2022-01-10 14:55:49,440 INFO o.a.j.t.JMeterThread: Thread is done: Thread Group3 3-10
2022-01-10 14:55:49,440 INFO o.a.j.t.JMeterThread: Thread finished: Thread Group3 3-10
2022-01-10 14:55:49,575 INFO o.a.j.t.JMeterThread: Thread is done: Thread Group2  2-4
2022-01-10 14:55:49,575 INFO o.a.j.t.JMeterThread: Thread finished: Thread Group2  2-4
2022-01-10 14:55:49,976 INFO o.a.j.t.JMeterThread: Thread is done: Thread Group2  2-5
2022-01-10 14:55:49,976 INFO o.a.j.t.JMeterThread: Thread finished: Thread Group2  2-5
2022-01-10 14:55:49,977 INFO o.a.j.e.StandardJMeterEngine: Notifying test listeners of end of test
2022-01-10 14:55:49,977 INFO o.a.j.g.u.JMeterMenuBar: setRunning(false, *local*)
